<?xml version="1.0" encoding="UTF-8"?>
<!-- Generated by org.testng.reporters.JUnitReportReporter -->
<testsuite hostname="LAPTOP-O04QCH21" failures="0" tests="1" name="batchTest.GetBatchesByBatchName" time="0.193" errors="0" timestamp="2023-01-19T12:28:32 EST" skipped="0">
  <testcase classname="batchTest.GetBatchesByBatchName" name="batchbyNameRequest" time="0.193"/>
  <system-out/>
</testsuite> <!-- batchTest.GetBatchesByBatchName -->
