<?xml version="1.0" encoding="UTF-8"?>
<!-- Generated by org.testng.reporters.JUnitReportReporter -->
<testsuite hostname="LAPTOP-O04QCH21" failures="0" tests="1" name="batchTest.GetBatchesbyID" time="0.168" errors="0" timestamp="2023-01-19T12:28:32 EST" skipped="0">
  <testcase classname="batchTest.GetBatchesbyID" name="batchbyID" time="0.168"/>
  <system-out/>
</testsuite> <!-- batchTest.GetBatchesbyID -->
